<?xml version="1.0" encoding="UTF-8"?>
<testng-results skipped="0" failed="0" ignored="0" total="1" passed="1">
  <reporter-output>
  </reporter-output>
  <suite name="Default suite" duration-ms="63106" started-at="2020-07-27T05:05:54Z" finished-at="2020-07-27T05:06:57Z">
    <groups>
    </groups>
    <test name="Default test" duration-ms="63106" started-at="2020-07-27T05:05:54Z" finished-at="2020-07-27T05:06:57Z">
      <class name="com.Customer.CreateCustomer">
        <test-method status="PASS" signature="openBrowser()[pri:0, instance:com.Customer.CreateCustomer@cb5822]" name="openBrowser" is-config="true" duration-ms="8862" started-at="2020-07-27T10:35:54Z" finished-at="2020-07-27T10:36:03Z">
          <reporter-output>
          </reporter-output>
        </test-method> <!-- openBrowser -->
        <test-method status="PASS" signature="login()[pri:0, instance:com.Customer.CreateCustomer@cb5822]" name="login" is-config="true" duration-ms="16505" started-at="2020-07-27T10:36:03Z" finished-at="2020-07-27T10:36:19Z">
          <reporter-output>
          </reporter-output>
        </test-method> <!-- login -->
        <test-method status="PASS" signature="testCreateCustomer()[pri:0, instance:com.Customer.CreateCustomer@cb5822]" name="testCreateCustomer" duration-ms="31326" started-at="2020-07-27T10:36:19Z" finished-at="2020-07-27T10:36:51Z">
          <reporter-output>
          </reporter-output>
        </test-method> <!-- testCreateCustomer -->
        <test-method status="PASS" signature="logout()[pri:0, instance:com.Customer.CreateCustomer@cb5822]" name="logout" is-config="true" duration-ms="5682" started-at="2020-07-27T10:36:51Z" finished-at="2020-07-27T10:36:56Z">
          <reporter-output>
          </reporter-output>
        </test-method> <!-- logout -->
        <test-method status="PASS" signature="closeBrowser()[pri:0, instance:com.Customer.CreateCustomer@cb5822]" name="closeBrowser" is-config="true" duration-ms="667" started-at="2020-07-27T10:36:56Z" finished-at="2020-07-27T10:36:57Z">
          <reporter-output>
          </reporter-output>
        </test-method> <!-- closeBrowser -->
      </class> <!-- com.Customer.CreateCustomer -->
    </test> <!-- Default test -->
  </suite> <!-- Default suite -->
</testng-results>
